2022-08-16 00:02:37,208 [daml.index.db.threadpool.connection.indexer-2] INFO  c.d.p.indexer.MeteringAggregator - Aggregating transaction metering for LedgerMeteringEnd(Offset(Bytes(000000000000000009)),2022-08-16T05:00:00Z), context: {participant: "sandbox"}
2022-08-16 00:02:37,235 [daml.index.db.threadpool.connection.indexer-2] INFO  c.d.p.indexer.MeteringAggregator - Aggregating transaction metering completed up to LedgerMeteringEnd(Offset(Bytes(000000000000000009)),2022-08-16T05:00:00Z), context: {participant: "sandbox"}
2022-08-16 00:23:03,022 [canton-env-execution-context-2923] INFO  c.d.c.s.c.t.GrpcSequencerSubscription:domain=local/client=topology-manager - The sequencer subscription has been terminated by the server.
2022-08-16 00:23:03,023 [canton-env-execution-context-25] INFO  c.d.c.s.c.t.GrpcSubscriptionErrorRetryPolicy:domain=local/client=topology-manager - Trying to reconnect to give the sequencer the opportunity to become available again (after Connection terminated by the server.)
2022-08-16 00:23:03,026 [canton-env-execution-context-29] INFO  c.d.c.s.c.t.GrpcSequencerSubscription:domain=local/client=mediator - The sequencer subscription has been terminated by the server.
2022-08-16 00:23:03,026 [canton-env-execution-context-25] INFO  c.d.c.s.c.t.GrpcSubscriptionErrorRetryPolicy:domain=local/client=mediator - Trying to reconnect to give the sequencer the opportunity to become available again (after Connection terminated by the server.)
2022-08-16 00:23:03,027 [canton-env-execution-context-29] INFO  c.d.c.s.c.t.GrpcSequencerSubscription:participant=sandbox/domain=local - The sequencer subscription has been terminated by the server.
2022-08-16 00:23:03,027 [canton-env-execution-context-25] INFO  c.d.c.s.c.t.GrpcSubscriptionErrorRetryPolicy:participant=sandbox/domain=local - Trying to reconnect to give the sequencer the opportunity to become available again (after Connection terminated by the server.)
2022-08-16 00:27:15,996 [daml.index.db.connection.indexer connection adder] INFO  c.d.p.s.b.c.InitHookDataSourceProxy - Init hook execution finished successfully, connection ready, context: {participant: "sandbox"}
2022-08-16 00:27:27,195 [daml.index.db.connection.indexer connection adder] INFO  c.d.p.s.b.c.InitHookDataSourceProxy - Init hook execution finished successfully, connection ready, context: {participant: "sandbox"}
2022-08-16 00:27:29,573 [daml.index.db.connection.indexer connection adder] INFO  c.d.p.s.b.c.InitHookDataSourceProxy - Init hook execution finished successfully, connection ready, context: {participant: "sandbox"}
2022-08-16 00:27:30,203 [daml.index.db.connection.indexer connection adder] INFO  c.d.p.s.b.c.InitHookDataSourceProxy - Init hook execution finished successfully, connection ready, context: {participant: "sandbox"}
2022-08-16 00:27:32,442 [daml.index.db.connection.indexer connection adder] INFO  c.d.p.s.b.c.InitHookDataSourceProxy - Init hook execution finished successfully, connection ready, context: {participant: "sandbox"}
2022-08-16 00:27:46,307 [daml.index.db.connection.indexer connection adder] INFO  c.d.p.s.b.c.InitHookDataSourceProxy - Init hook execution finished successfully, connection ready, context: {participant: "sandbox"}
2022-08-16 00:27:49,112 [daml.index.db.connection.indexer connection adder] INFO  c.d.p.s.b.c.InitHookDataSourceProxy - Init hook execution finished successfully, connection ready, context: {participant: "sandbox"}
2022-08-16 00:27:50,202 [daml.index.db.connection.indexer connection adder] INFO  c.d.p.s.b.c.InitHookDataSourceProxy - Init hook execution finished successfully, connection ready, context: {participant: "sandbox"}
2022-08-16 00:28:00,647 [daml.index.db.connection.indexer connection adder] INFO  c.d.p.s.b.c.InitHookDataSourceProxy - Init hook execution finished successfully, connection ready, context: {participant: "sandbox"}
2022-08-16 00:28:00,669 [daml.index.db.connection.indexer connection adder] INFO  c.d.p.s.b.c.InitHookDataSourceProxy - Init hook execution finished successfully, connection ready, context: {participant: "sandbox"}
2022-08-16 00:28:05,964 [daml.index.db.connection.indexer connection adder] INFO  c.d.p.s.b.c.InitHookDataSourceProxy - Init hook execution finished successfully, connection ready, context: {participant: "sandbox"}
2022-08-16 00:28:07,009 [daml.index.db.connection.indexer connection adder] INFO  c.d.p.s.b.c.InitHookDataSourceProxy - Init hook execution finished successfully, connection ready, context: {participant: "sandbox"}
2022-08-16 00:28:07,637 [daml.index.db.connection.indexer connection adder] INFO  c.d.p.s.b.c.InitHookDataSourceProxy - Init hook execution finished successfully, connection ready, context: {participant: "sandbox"}
2022-08-16 00:28:08,248 [daml.index.db.connection.indexer connection adder] INFO  c.d.p.s.b.c.InitHookDataSourceProxy - Init hook execution finished successfully, connection ready, context: {participant: "sandbox"}
2022-08-16 00:28:14,887 [daml.index.db.connection.indexer connection adder] INFO  c.d.p.s.b.c.InitHookDataSourceProxy - Init hook execution finished successfully, connection ready, context: {participant: "sandbox"}
2022-08-16 00:28:38,105 [daml.index.db.connection.indexer connection adder] INFO  c.d.p.s.b.c.InitHookDataSourceProxy - Init hook execution finished successfully, connection ready, context: {participant: "sandbox"}
2022-08-16 00:28:54,615 [daml.index.db.connection.indexer connection adder] INFO  c.d.p.s.b.c.InitHookDataSourceProxy - Init hook execution finished successfully, connection ready, context: {participant: "sandbox"}
2022-08-16 00:56:39,095 [daml.index.db.connection.indexer connection adder] INFO  c.d.p.s.b.c.InitHookDataSourceProxy - Init hook execution finished successfully, connection ready, context: {participant: "sandbox"}
2022-08-16 00:56:47,346 [daml.index.db.connection.indexer connection adder] INFO  c.d.p.s.b.c.InitHookDataSourceProxy - Init hook execution finished successfully, connection ready, context: {participant: "sandbox"}
2022-08-16 00:56:57,508 [daml.index.db.connection.indexer connection adder] INFO  c.d.p.s.b.c.InitHookDataSourceProxy - Init hook execution finished successfully, connection ready, context: {participant: "sandbox"}
2022-08-16 00:57:04,952 [daml.index.db.connection.indexer connection adder] INFO  c.d.p.s.b.c.InitHookDataSourceProxy - Init hook execution finished successfully, connection ready, context: {participant: "sandbox"}
2022-08-16 00:57:08,264 [daml.index.db.connection.indexer connection adder] INFO  c.d.p.s.b.c.InitHookDataSourceProxy - Init hook execution finished successfully, connection ready, context: {participant: "sandbox"}
2022-08-16 00:57:09,878 [daml.index.db.connection.indexer connection adder] INFO  c.d.p.s.b.c.InitHookDataSourceProxy - Init hook execution finished successfully, connection ready, context: {participant: "sandbox"}
2022-08-16 00:57:14,771 [daml.index.db.connection.indexer connection adder] INFO  c.d.p.s.b.c.InitHookDataSourceProxy - Init hook execution finished successfully, connection ready, context: {participant: "sandbox"}
2022-08-16 00:57:17,687 [daml.index.db.connection.indexer connection adder] INFO  c.d.p.s.b.c.InitHookDataSourceProxy - Init hook execution finished successfully, connection ready, context: {participant: "sandbox"}
2022-08-16 00:57:19,089 [daml.index.db.connection.indexer connection adder] INFO  c.d.p.s.b.c.InitHookDataSourceProxy - Init hook execution finished successfully, connection ready, context: {participant: "sandbox"}
2022-08-16 00:57:27,964 [daml.index.db.connection.indexer connection adder] INFO  c.d.p.s.b.c.InitHookDataSourceProxy - Init hook execution finished successfully, connection ready, context: {participant: "sandbox"}
2022-08-16 00:57:40,909 [daml.index.db.connection.indexer connection adder] INFO  c.d.p.s.b.c.InitHookDataSourceProxy - Init hook execution finished successfully, connection ready, context: {participant: "sandbox"}
2022-08-16 00:57:45,631 [daml.index.db.connection.indexer connection adder] INFO  c.d.p.s.b.c.InitHookDataSourceProxy - Init hook execution finished successfully, connection ready, context: {participant: "sandbox"}
2022-08-16 00:57:58,101 [daml.index.db.connection.indexer connection adder] INFO  c.d.p.s.b.c.InitHookDataSourceProxy - Init hook execution finished successfully, connection ready, context: {participant: "sandbox"}
2022-08-16 00:57:58,417 [daml.index.db.connection.indexer connection adder] INFO  c.d.p.s.b.c.InitHookDataSourceProxy - Init hook execution finished successfully, connection ready, context: {participant: "sandbox"}
2022-08-16 00:58:06,490 [daml.index.db.connection.indexer connection adder] INFO  c.d.p.s.b.c.InitHookDataSourceProxy - Init hook execution finished successfully, connection ready, context: {participant: "sandbox"}
2022-08-16 00:58:13,153 [daml.index.db.connection.indexer connection adder] INFO  c.d.p.s.b.c.InitHookDataSourceProxy - Init hook execution finished successfully, connection ready, context: {participant: "sandbox"}
2022-08-16 00:58:22,478 [daml.index.db.connection.indexer connection adder] INFO  c.d.p.s.b.c.InitHookDataSourceProxy - Init hook execution finished successfully, connection ready, context: {participant: "sandbox"}
2022-08-16 01:02:37,214 [daml.index.db.threadpool.connection.indexer-13] INFO  c.d.p.indexer.MeteringAggregator - Aggregating transaction metering for LedgerMeteringEnd(Offset(Bytes(000000000000000009)),2022-08-16T06:00:00Z), context: {participant: "sandbox"}
2022-08-16 01:02:37,216 [daml.index.db.threadpool.connection.indexer-13] INFO  c.d.p.indexer.MeteringAggregator - Aggregating transaction metering completed up to LedgerMeteringEnd(Offset(Bytes(000000000000000009)),2022-08-16T06:00:00Z), context: {participant: "sandbox"}
2022-08-16 01:22:43,068 [canton-env-execution-context-2921] INFO  c.d.c.s.c.t.GrpcSequencerSubscription:domain=local/client=topology-manager - The sequencer subscription has been terminated by the server.
2022-08-16 01:22:43,080 [canton-env-execution-context-84] INFO  c.d.c.s.c.t.GrpcSequencerSubscription:domain=local/client=mediator - The sequencer subscription has been terminated by the server.
2022-08-16 01:22:43,082 [canton-env-execution-context-83] INFO  c.d.c.s.c.t.GrpcSubscriptionErrorRetryPolicy:domain=local/client=mediator - Trying to reconnect to give the sequencer the opportunity to become available again (after Connection terminated by the server.)
2022-08-16 01:22:43,082 [canton-env-execution-context-1379] INFO  c.d.c.s.c.t.GrpcSubscriptionErrorRetryPolicy:domain=local/client=topology-manager - Trying to reconnect to give the sequencer the opportunity to become available again (after Connection terminated by the server.)
2022-08-16 01:22:43,084 [canton-env-execution-context-2921] INFO  c.d.c.s.c.t.GrpcSequencerSubscription:participant=sandbox/domain=local - The sequencer subscription has been terminated by the server.
2022-08-16 01:22:43,085 [canton-env-execution-context-2922] INFO  c.d.c.s.c.t.GrpcSubscriptionErrorRetryPolicy:participant=sandbox/domain=local - Trying to reconnect to give the sequencer the opportunity to become available again (after Connection terminated by the server.)
2022-08-16 01:26:26,591 [daml.index.db.connection.indexer connection adder] INFO  c.d.p.s.b.c.InitHookDataSourceProxy - Init hook execution finished successfully, connection ready, context: {participant: "sandbox"}
2022-08-16 01:26:27,059 [daml.index.db.connection.indexer connection adder] INFO  c.d.p.s.b.c.InitHookDataSourceProxy - Init hook execution finished successfully, connection ready, context: {participant: "sandbox"}
2022-08-16 01:26:35,952 [daml.index.db.connection.indexer connection adder] INFO  c.d.p.s.b.c.InitHookDataSourceProxy - Init hook execution finished successfully, connection ready, context: {participant: "sandbox"}
2022-08-16 01:26:39,453 [daml.index.db.connection.indexer connection adder] INFO  c.d.p.s.b.c.InitHookDataSourceProxy - Init hook execution finished successfully, connection ready, context: {participant: "sandbox"}
2022-08-16 01:26:44,767 [daml.index.db.connection.indexer connection adder] INFO  c.d.p.s.b.c.InitHookDataSourceProxy - Init hook execution finished successfully, connection ready, context: {participant: "sandbox"}
2022-08-16 01:26:48,378 [daml.index.db.connection.indexer connection adder] INFO  c.d.p.s.b.c.InitHookDataSourceProxy - Init hook execution finished successfully, connection ready, context: {participant: "sandbox"}
2022-08-16 01:26:50,990 [daml.index.db.connection.indexer connection adder] INFO  c.d.p.s.b.c.InitHookDataSourceProxy - Init hook execution finished successfully, connection ready, context: {participant: "sandbox"}
2022-08-16 01:26:58,738 [daml.index.db.connection.indexer connection adder] INFO  c.d.p.s.b.c.InitHookDataSourceProxy - Init hook execution finished successfully, connection ready, context: {participant: "sandbox"}
2022-08-16 01:27:00,366 [daml.index.db.connection.indexer connection adder] INFO  c.d.p.s.b.c.InitHookDataSourceProxy - Init hook execution finished successfully, connection ready, context: {participant: "sandbox"}
2022-08-16 01:27:12,607 [daml.index.db.connection.indexer connection adder] INFO  c.d.p.s.b.c.InitHookDataSourceProxy - Init hook execution finished successfully, connection ready, context: {participant: "sandbox"}
2022-08-16 01:27:14,560 [daml.index.db.connection.indexer connection adder] INFO  c.d.p.s.b.c.InitHookDataSourceProxy - Init hook execution finished successfully, connection ready, context: {participant: "sandbox"}
2022-08-16 01:27:16,923 [daml.index.db.connection.indexer connection adder] INFO  c.d.p.s.b.c.InitHookDataSourceProxy - Init hook execution finished successfully, connection ready, context: {participant: "sandbox"}
2022-08-16 01:27:18,680 [daml.index.db.connection.indexer connection adder] INFO  c.d.p.s.b.c.InitHookDataSourceProxy - Init hook execution finished successfully, connection ready, context: {participant: "sandbox"}
2022-08-16 01:27:31,892 [daml.index.db.connection.indexer connection adder] INFO  c.d.p.s.b.c.InitHookDataSourceProxy - Init hook execution finished successfully, connection ready, context: {participant: "sandbox"}
2022-08-16 01:27:34,705 [daml.index.db.connection.indexer connection adder] INFO  c.d.p.s.b.c.InitHookDataSourceProxy - Init hook execution finished successfully, connection ready, context: {participant: "sandbox"}
2022-08-16 01:27:47,359 [daml.index.db.connection.indexer connection adder] INFO  c.d.p.s.b.c.InitHookDataSourceProxy - Init hook execution finished successfully, connection ready, context: {participant: "sandbox"}
2022-08-16 01:28:01,230 [daml.index.db.connection.indexer connection adder] INFO  c.d.p.s.b.c.InitHookDataSourceProxy - Init hook execution finished successfully, connection ready, context: {participant: "sandbox"}
2022-08-16 04:52:57,314 [canton-env-execution-context-2920] WARN  c.d.c.c.ExecutionContextMonitor - Task runner canton-env-execution-context is just overloaded, but operating correctly. Task got executed in the meantime.
2022-08-16 04:52:57,316 [canton-env-execution-context-1968] WARN  c.d.c.c.ExecutionContextMonitor - Task runner canton-env-execution-context is just overloaded, but operating correctly. Task got executed in the meantime.
2022-08-16 04:52:59,489 [daml.index.db.connection.api-server housekeeper] WARN  com.zaxxer.hikari.pool.HikariPool - daml.index.db.connection.api-server - Thread starvation or clock leap detected (housekeeper delta=3h27s846ms222탎600ns).
2022-08-16 04:53:00,928 [daml.index.db.connection.indexer housekeeper] WARN  com.zaxxer.hikari.pool.HikariPool - daml.index.db.connection.indexer - Thread starvation or clock leap detected (housekeeper delta=3h27s818ms920탎800ns).
2022-08-16 04:53:00,930 [daml.index.db.connection.indexer connection adder] INFO  c.d.p.s.b.c.InitHookDataSourceProxy - Init hook execution finished successfully, connection ready, context: {participant: "sandbox"}
2022-08-16 04:53:00,932 [daml.index.db.connection.indexer connection adder] INFO  c.d.p.s.b.c.InitHookDataSourceProxy - Init hook execution finished successfully, connection ready, context: {participant: "sandbox"}
2022-08-16 04:53:00,933 [daml.index.db.connection.indexer connection adder] INFO  c.d.p.s.b.c.InitHookDataSourceProxy - Init hook execution finished successfully, connection ready, context: {participant: "sandbox"}
2022-08-16 04:53:00,933 [daml.index.db.connection.indexer connection adder] INFO  c.d.p.s.b.c.InitHookDataSourceProxy - Init hook execution finished successfully, connection ready, context: {participant: "sandbox"}
2022-08-16 04:53:00,934 [daml.index.db.connection.indexer connection adder] INFO  c.d.p.s.b.c.InitHookDataSourceProxy - Init hook execution finished successfully, connection ready, context: {participant: "sandbox"}
2022-08-16 04:53:00,934 [daml.index.db.connection.indexer connection adder] INFO  c.d.p.s.b.c.InitHookDataSourceProxy - Init hook execution finished successfully, connection ready, context: {participant: "sandbox"}
2022-08-16 04:53:00,935 [daml.index.db.connection.indexer connection adder] INFO  c.d.p.s.b.c.InitHookDataSourceProxy - Init hook execution finished successfully, connection ready, context: {participant: "sandbox"}
2022-08-16 04:53:00,935 [daml.index.db.connection.indexer connection adder] INFO  c.d.p.s.b.c.InitHookDataSourceProxy - Init hook execution finished successfully, connection ready, context: {participant: "sandbox"}
2022-08-16 04:53:00,935 [daml.index.db.connection.indexer connection adder] INFO  c.d.p.s.b.c.InitHookDataSourceProxy - Init hook execution finished successfully, connection ready, context: {participant: "sandbox"}
2022-08-16 04:53:00,935 [daml.index.db.connection.indexer connection adder] INFO  c.d.p.s.b.c.InitHookDataSourceProxy - Init hook execution finished successfully, connection ready, context: {participant: "sandbox"}
2022-08-16 04:53:00,936 [daml.index.db.connection.indexer connection adder] INFO  c.d.p.s.b.c.InitHookDataSourceProxy - Init hook execution finished successfully, connection ready, context: {participant: "sandbox"}
2022-08-16 04:53:00,936 [daml.index.db.connection.indexer connection adder] INFO  c.d.p.s.b.c.InitHookDataSourceProxy - Init hook execution finished successfully, connection ready, context: {participant: "sandbox"}
2022-08-16 04:53:00,937 [daml.index.db.connection.indexer connection adder] INFO  c.d.p.s.b.c.InitHookDataSourceProxy - Init hook execution finished successfully, connection ready, context: {participant: "sandbox"}
2022-08-16 04:53:00,937 [daml.index.db.connection.indexer connection adder] INFO  c.d.p.s.b.c.InitHookDataSourceProxy - Init hook execution finished successfully, connection ready, context: {participant: "sandbox"}
2022-08-16 04:53:00,937 [daml.index.db.connection.indexer connection adder] INFO  c.d.p.s.b.c.InitHookDataSourceProxy - Init hook execution finished successfully, connection ready, context: {participant: "sandbox"}
2022-08-16 04:53:00,937 [daml.index.db.connection.indexer connection adder] INFO  c.d.p.s.b.c.InitHookDataSourceProxy - Init hook execution finished successfully, connection ready, context: {participant: "sandbox"}
2022-08-16 04:53:00,937 [daml.index.db.connection.indexer connection adder] INFO  c.d.p.s.b.c.InitHookDataSourceProxy - Init hook execution finished successfully, connection ready, context: {participant: "sandbox"}
2022-08-16 21:31:51,769 [canton-env-execution-context-30] WARN  c.d.c.c.ExecutionContextMonitor - Task runner canton-env-execution-context is just overloaded, but operating correctly. Task got executed in the meantime.
2022-08-16 21:31:52,472 [canton-env-execution-context-30] WARN  c.d.c.c.ExecutionContextMonitor - Task runner canton-env-execution-context is just overloaded, but operating correctly. Task got executed in the meantime.
2022-08-16 21:31:51,769 [canton-env-execution-context-46] WARN  c.d.c.c.ExecutionContextMonitor - Task runner canton-env-execution-context is just overloaded, but operating correctly. Task got executed in the meantime.
2022-08-16 21:31:51,769 [canton-env-execution-context-1381] WARN  c.d.c.c.ExecutionContextMonitor - Task runner canton-env-execution-context is just overloaded, but operating correctly. Task got executed in the meantime.
2022-08-16 21:31:51,769 [canton-env-execution-context-2921] WARN  c.d.c.c.ExecutionContextMonitor - Task runner canton-env-execution-context is just overloaded, but operating correctly. Task got executed in the meantime.
2022-08-16 21:31:51,769 [canton-env-execution-context-2922] WARN  c.d.c.c.ExecutionContextMonitor - Task runner canton-env-execution-context is just overloaded, but operating correctly. Task got executed in the meantime.
2022-08-16 21:31:51,769 [canton-env-execution-context-83] WARN  c.d.c.c.ExecutionContextMonitor - Task runner canton-env-execution-context is just overloaded, but operating correctly. Task got executed in the meantime.
2022-08-16 21:31:51,769 [canton-env-execution-context-1968] WARN  c.d.c.c.ExecutionContextMonitor - Task runner canton-env-execution-context is just overloaded, but operating correctly. Task got executed in the meantime.
2022-08-16 21:31:51,769 [canton-env-execution-context-2920] WARN  c.d.c.c.ExecutionContextMonitor - Task runner canton-env-execution-context is just overloaded, but operating correctly. Task got executed in the meantime.
2022-08-16 21:31:58,592 [canton-env-execution-context-30] INFO  c.d.c.s.c.t.GrpcSequencerSubscription:domain=local/client=topology-manager - The sequencer subscription has been terminated by the server.
2022-08-16 21:31:58,623 [canton-env-execution-context-1970] INFO  c.d.c.s.c.t.GrpcSequencerSubscription:domain=local/client=mediator - The sequencer subscription has been terminated by the server.
2022-08-16 21:31:58,630 [canton-env-execution-context-1383] INFO  c.d.c.s.c.t.GrpcSubscriptionErrorRetryPolicy:domain=local/client=topology-manager - Trying to reconnect to give the sequencer the opportunity to become available again (after Connection terminated by the server.)
2022-08-16 21:31:58,633 [canton-env-execution-context-31] INFO  c.d.c.s.c.t.GrpcSubscriptionErrorRetryPolicy:domain=local/client=mediator - Trying to reconnect to give the sequencer the opportunity to become available again (after Connection terminated by the server.)
2022-08-16 21:31:58,657 [canton-env-execution-context-2924] INFO  c.d.c.s.c.t.GrpcSequencerSubscription:participant=sandbox/domain=local - The sequencer subscription has been terminated by the server.
2022-08-16 21:31:58,658 [canton-env-execution-context-1381] INFO  c.d.c.s.c.t.GrpcSubscriptionErrorRetryPolicy:participant=sandbox/domain=local - Trying to reconnect to give the sequencer the opportunity to become available again (after Connection terminated by the server.)
2022-08-16 21:31:59,354 [canton-env-execution-context-30] INFO  c.d.c.p.p.AcsCommitmentProcessor:participant=sandbox/domain=local tid:17289630ed81f0d1a09ffdc9059855fc - Deleted buffered commitments and set last computed and sent timestamp set to 2022-08-17T02:31:00Z
2022-08-16 21:32:07,102 [daml.index.db.connection.api-server housekeeper] WARN  com.zaxxer.hikari.pool.HikariPool - daml.index.db.connection.api-server - Thread starvation or clock leap detected (housekeeper delta=16h39m11s23ms682탎900ns).
2022-08-16 21:32:08,483 [daml.index.db.connection.indexer housekeeper] WARN  com.zaxxer.hikari.pool.HikariPool - daml.index.db.connection.indexer - Thread starvation or clock leap detected (housekeeper delta=16h39m10s957ms253탎700ns).
2022-08-16 21:32:08,486 [daml.index.db.connection.indexer connection adder] INFO  c.d.p.s.b.c.InitHookDataSourceProxy - Init hook execution finished successfully, connection ready, context: {participant: "sandbox"}
2022-08-16 21:32:08,486 [daml.index.db.connection.indexer connection adder] INFO  c.d.p.s.b.c.InitHookDataSourceProxy - Init hook execution finished successfully, connection ready, context: {participant: "sandbox"}
2022-08-16 21:32:08,505 [daml.index.db.connection.indexer connection adder] INFO  c.d.p.s.b.c.InitHookDataSourceProxy - Init hook execution finished successfully, connection ready, context: {participant: "sandbox"}
2022-08-16 21:32:08,506 [daml.index.db.connection.indexer connection adder] INFO  c.d.p.s.b.c.InitHookDataSourceProxy - Init hook execution finished successfully, connection ready, context: {participant: "sandbox"}
2022-08-16 21:32:08,507 [daml.index.db.connection.indexer connection adder] INFO  c.d.p.s.b.c.InitHookDataSourceProxy - Init hook execution finished successfully, connection ready, context: {participant: "sandbox"}
2022-08-16 21:32:08,507 [daml.index.db.connection.indexer connection adder] INFO  c.d.p.s.b.c.InitHookDataSourceProxy - Init hook execution finished successfully, connection ready, context: {participant: "sandbox"}
2022-08-16 21:32:08,508 [daml.index.db.connection.indexer connection adder] INFO  c.d.p.s.b.c.InitHookDataSourceProxy - Init hook execution finished successfully, connection ready, context: {participant: "sandbox"}
2022-08-16 21:32:08,508 [daml.index.db.connection.indexer connection adder] INFO  c.d.p.s.b.c.InitHookDataSourceProxy - Init hook execution finished successfully, connection ready, context: {participant: "sandbox"}
2022-08-16 21:32:08,508 [daml.index.db.connection.indexer connection adder] INFO  c.d.p.s.b.c.InitHookDataSourceProxy - Init hook execution finished successfully, connection ready, context: {participant: "sandbox"}
2022-08-16 21:32:08,509 [daml.index.db.connection.indexer connection adder] INFO  c.d.p.s.b.c.InitHookDataSourceProxy - Init hook execution finished successfully, connection ready, context: {participant: "sandbox"}
2022-08-16 21:32:08,510 [daml.index.db.connection.indexer connection adder] INFO  c.d.p.s.b.c.InitHookDataSourceProxy - Init hook execution finished successfully, connection ready, context: {participant: "sandbox"}
2022-08-16 21:32:08,510 [daml.index.db.connection.indexer connection adder] INFO  c.d.p.s.b.c.InitHookDataSourceProxy - Init hook execution finished successfully, connection ready, context: {participant: "sandbox"}
2022-08-16 21:32:08,510 [daml.index.db.connection.indexer connection adder] INFO  c.d.p.s.b.c.InitHookDataSourceProxy - Init hook execution finished successfully, connection ready, context: {participant: "sandbox"}
2022-08-16 21:32:08,511 [daml.index.db.connection.indexer connection adder] INFO  c.d.p.s.b.c.InitHookDataSourceProxy - Init hook execution finished successfully, connection ready, context: {participant: "sandbox"}
2022-08-16 21:32:08,511 [daml.index.db.connection.indexer connection adder] INFO  c.d.p.s.b.c.InitHookDataSourceProxy - Init hook execution finished successfully, connection ready, context: {participant: "sandbox"}
2022-08-16 21:32:08,511 [daml.index.db.connection.indexer connection adder] INFO  c.d.p.s.b.c.InitHookDataSourceProxy - Init hook execution finished successfully, connection ready, context: {participant: "sandbox"}
2022-08-16 21:32:08,511 [daml.index.db.connection.indexer connection adder] INFO  c.d.p.s.b.c.InitHookDataSourceProxy - Init hook execution finished successfully, connection ready, context: {participant: "sandbox"}
2022-08-16 21:35:12,628 [daml.index.db.threadpool.connection.indexer-9] INFO  c.d.p.indexer.MeteringAggregator - Aggregating transaction metering for LedgerMeteringEnd(Offset(Bytes(000000000000000009)),2022-08-16T07:00:00Z), context: {participant: "sandbox"}
2022-08-16 21:35:12,663 [daml.index.db.threadpool.connection.indexer-9] INFO  c.d.p.indexer.MeteringAggregator - Aggregating transaction metering completed up to LedgerMeteringEnd(Offset(Bytes(000000000000000009)),2022-08-16T07:00:00Z), context: {participant: "sandbox"}
2022-08-16 21:35:12,667 [daml.index.db.threadpool.connection.indexer-11] INFO  c.d.p.indexer.MeteringAggregator - Aggregating transaction metering for LedgerMeteringEnd(Offset(Bytes(000000000000000009)),2022-08-16T08:00:00Z), context: {participant: "sandbox"}
2022-08-16 21:35:12,668 [daml.index.db.threadpool.connection.indexer-11] INFO  c.d.p.indexer.MeteringAggregator - Aggregating transaction metering completed up to LedgerMeteringEnd(Offset(Bytes(000000000000000009)),2022-08-16T08:00:00Z), context: {participant: "sandbox"}
2022-08-16 21:35:12,670 [daml.index.db.threadpool.connection.indexer-11] INFO  c.d.p.indexer.MeteringAggregator - Aggregating transaction metering for LedgerMeteringEnd(Offset(Bytes(000000000000000009)),2022-08-16T09:00:00Z), context: {participant: "sandbox"}
2022-08-16 21:35:12,671 [daml.index.db.threadpool.connection.indexer-11] INFO  c.d.p.indexer.MeteringAggregator - Aggregating transaction metering completed up to LedgerMeteringEnd(Offset(Bytes(000000000000000009)),2022-08-16T09:00:00Z), context: {participant: "sandbox"}
2022-08-16 21:35:12,672 [daml.index.db.threadpool.connection.indexer-11] INFO  c.d.p.indexer.MeteringAggregator - Aggregating transaction metering for LedgerMeteringEnd(Offset(Bytes(000000000000000009)),2022-08-16T10:00:00Z), context: {participant: "sandbox"}
2022-08-16 21:35:12,673 [daml.index.db.threadpool.connection.indexer-11] INFO  c.d.p.indexer.MeteringAggregator - Aggregating transaction metering completed up to LedgerMeteringEnd(Offset(Bytes(000000000000000009)),2022-08-16T10:00:00Z), context: {participant: "sandbox"}
2022-08-16 21:35:12,674 [daml.index.db.threadpool.connection.indexer-11] INFO  c.d.p.indexer.MeteringAggregator - Aggregating transaction metering for LedgerMeteringEnd(Offset(Bytes(000000000000000009)),2022-08-16T11:00:00Z), context: {participant: "sandbox"}
2022-08-16 21:35:12,676 [daml.index.db.threadpool.connection.indexer-11] INFO  c.d.p.indexer.MeteringAggregator - Aggregating transaction metering completed up to LedgerMeteringEnd(Offset(Bytes(000000000000000009)),2022-08-16T11:00:00Z), context: {participant: "sandbox"}
2022-08-16 21:35:12,677 [daml.index.db.threadpool.connection.indexer-11] INFO  c.d.p.indexer.MeteringAggregator - Aggregating transaction metering for LedgerMeteringEnd(Offset(Bytes(000000000000000009)),2022-08-16T12:00:00Z), context: {participant: "sandbox"}
2022-08-16 21:35:12,677 [daml.index.db.threadpool.connection.indexer-11] INFO  c.d.p.indexer.MeteringAggregator - Aggregating transaction metering completed up to LedgerMeteringEnd(Offset(Bytes(000000000000000009)),2022-08-16T12:00:00Z), context: {participant: "sandbox"}
2022-08-16 21:35:12,681 [daml.index.db.threadpool.connection.indexer-11] INFO  c.d.p.indexer.MeteringAggregator - Aggregating transaction metering for LedgerMeteringEnd(Offset(Bytes(000000000000000009)),2022-08-16T13:00:00Z), context: {participant: "sandbox"}
2022-08-16 21:35:12,681 [daml.index.db.threadpool.connection.indexer-11] INFO  c.d.p.indexer.MeteringAggregator - Aggregating transaction metering completed up to LedgerMeteringEnd(Offset(Bytes(000000000000000009)),2022-08-16T13:00:00Z), context: {participant: "sandbox"}
2022-08-16 21:35:12,683 [daml.index.db.threadpool.connection.indexer-15] INFO  c.d.p.indexer.MeteringAggregator - Aggregating transaction metering for LedgerMeteringEnd(Offset(Bytes(000000000000000009)),2022-08-16T14:00:00Z), context: {participant: "sandbox"}
2022-08-16 21:35:12,684 [daml.index.db.threadpool.connection.indexer-15] INFO  c.d.p.indexer.MeteringAggregator - Aggregating transaction metering completed up to LedgerMeteringEnd(Offset(Bytes(000000000000000009)),2022-08-16T14:00:00Z), context: {participant: "sandbox"}
2022-08-16 21:35:12,686 [daml.index.db.threadpool.connection.indexer-15] INFO  c.d.p.indexer.MeteringAggregator - Aggregating transaction metering for LedgerMeteringEnd(Offset(Bytes(000000000000000009)),2022-08-16T15:00:00Z), context: {participant: "sandbox"}
2022-08-16 21:35:12,686 [daml.index.db.threadpool.connection.indexer-15] INFO  c.d.p.indexer.MeteringAggregator - Aggregating transaction metering completed up to LedgerMeteringEnd(Offset(Bytes(000000000000000009)),2022-08-16T15:00:00Z), context: {participant: "sandbox"}
2022-08-16 21:35:12,687 [daml.index.db.threadpool.connection.indexer-15] INFO  c.d.p.indexer.MeteringAggregator - Aggregating transaction metering for LedgerMeteringEnd(Offset(Bytes(000000000000000009)),2022-08-16T16:00:00Z), context: {participant: "sandbox"}
2022-08-16 21:35:12,688 [daml.index.db.threadpool.connection.indexer-15] INFO  c.d.p.indexer.MeteringAggregator - Aggregating transaction metering completed up to LedgerMeteringEnd(Offset(Bytes(000000000000000009)),2022-08-16T16:00:00Z), context: {participant: "sandbox"}
2022-08-16 21:35:12,690 [daml.index.db.threadpool.connection.indexer-15] INFO  c.d.p.indexer.MeteringAggregator - Aggregating transaction metering for LedgerMeteringEnd(Offset(Bytes(000000000000000009)),2022-08-16T17:00:00Z), context: {participant: "sandbox"}
2022-08-16 21:35:12,691 [daml.index.db.threadpool.connection.indexer-15] INFO  c.d.p.indexer.MeteringAggregator - Aggregating transaction metering completed up to LedgerMeteringEnd(Offset(Bytes(000000000000000009)),2022-08-16T17:00:00Z), context: {participant: "sandbox"}
2022-08-16 21:35:12,692 [daml.index.db.threadpool.connection.indexer-15] INFO  c.d.p.indexer.MeteringAggregator - Aggregating transaction metering for LedgerMeteringEnd(Offset(Bytes(000000000000000009)),2022-08-16T18:00:00Z), context: {participant: "sandbox"}
2022-08-16 21:35:12,693 [daml.index.db.threadpool.connection.indexer-15] INFO  c.d.p.indexer.MeteringAggregator - Aggregating transaction metering completed up to LedgerMeteringEnd(Offset(Bytes(000000000000000009)),2022-08-16T18:00:00Z), context: {participant: "sandbox"}
2022-08-16 21:35:12,694 [daml.index.db.threadpool.connection.indexer-15] INFO  c.d.p.indexer.MeteringAggregator - Aggregating transaction metering for LedgerMeteringEnd(Offset(Bytes(000000000000000009)),2022-08-16T19:00:00Z), context: {participant: "sandbox"}
2022-08-16 21:35:12,694 [daml.index.db.threadpool.connection.indexer-15] INFO  c.d.p.indexer.MeteringAggregator - Aggregating transaction metering completed up to LedgerMeteringEnd(Offset(Bytes(000000000000000009)),2022-08-16T19:00:00Z), context: {participant: "sandbox"}
2022-08-16 21:35:12,696 [daml.index.db.threadpool.connection.indexer-15] INFO  c.d.p.indexer.MeteringAggregator - Aggregating transaction metering for LedgerMeteringEnd(Offset(Bytes(000000000000000009)),2022-08-16T20:00:00Z), context: {participant: "sandbox"}
2022-08-16 21:35:12,698 [daml.index.db.threadpool.connection.indexer-15] INFO  c.d.p.indexer.MeteringAggregator - Aggregating transaction metering completed up to LedgerMeteringEnd(Offset(Bytes(000000000000000009)),2022-08-16T20:00:00Z), context: {participant: "sandbox"}
2022-08-16 21:35:12,699 [daml.index.db.threadpool.connection.indexer-15] INFO  c.d.p.indexer.MeteringAggregator - Aggregating transaction metering for LedgerMeteringEnd(Offset(Bytes(000000000000000009)),2022-08-16T21:00:00Z), context: {participant: "sandbox"}
2022-08-16 21:35:12,700 [daml.index.db.threadpool.connection.indexer-15] INFO  c.d.p.indexer.MeteringAggregator - Aggregating transaction metering completed up to LedgerMeteringEnd(Offset(Bytes(000000000000000009)),2022-08-16T21:00:00Z), context: {participant: "sandbox"}
2022-08-16 21:35:12,701 [daml.index.db.threadpool.connection.indexer-15] INFO  c.d.p.indexer.MeteringAggregator - Aggregating transaction metering for LedgerMeteringEnd(Offset(Bytes(000000000000000009)),2022-08-16T22:00:00Z), context: {participant: "sandbox"}
2022-08-16 21:35:12,702 [daml.index.db.threadpool.connection.indexer-15] INFO  c.d.p.indexer.MeteringAggregator - Aggregating transaction metering completed up to LedgerMeteringEnd(Offset(Bytes(000000000000000009)),2022-08-16T22:00:00Z), context: {participant: "sandbox"}
2022-08-16 21:35:12,702 [daml.index.db.threadpool.connection.indexer-15] INFO  c.d.p.indexer.MeteringAggregator - Aggregating transaction metering for LedgerMeteringEnd(Offset(Bytes(000000000000000009)),2022-08-16T23:00:00Z), context: {participant: "sandbox"}
2022-08-16 21:35:12,703 [daml.index.db.threadpool.connection.indexer-15] INFO  c.d.p.indexer.MeteringAggregator - Aggregating transaction metering completed up to LedgerMeteringEnd(Offset(Bytes(000000000000000009)),2022-08-16T23:00:00Z), context: {participant: "sandbox"}
2022-08-16 21:35:12,705 [daml.index.db.threadpool.connection.indexer-9] INFO  c.d.p.indexer.MeteringAggregator - Aggregating transaction metering for LedgerMeteringEnd(Offset(Bytes(000000000000000009)),2022-08-17T00:00:00Z), context: {participant: "sandbox"}
2022-08-16 21:35:12,705 [daml.index.db.threadpool.connection.indexer-9] INFO  c.d.p.indexer.MeteringAggregator - Aggregating transaction metering completed up to LedgerMeteringEnd(Offset(Bytes(000000000000000009)),2022-08-17T00:00:00Z), context: {participant: "sandbox"}
2022-08-16 21:35:12,708 [daml.index.db.threadpool.connection.indexer-14] INFO  c.d.p.indexer.MeteringAggregator - Aggregating transaction metering for LedgerMeteringEnd(Offset(Bytes(000000000000000009)),2022-08-17T01:00:00Z), context: {participant: "sandbox"}
2022-08-16 21:35:12,709 [daml.index.db.threadpool.connection.indexer-14] INFO  c.d.p.indexer.MeteringAggregator - Aggregating transaction metering completed up to LedgerMeteringEnd(Offset(Bytes(000000000000000009)),2022-08-17T01:00:00Z), context: {participant: "sandbox"}
2022-08-16 21:35:12,712 [daml.index.db.threadpool.connection.indexer-6] INFO  c.d.p.indexer.MeteringAggregator - Aggregating transaction metering for LedgerMeteringEnd(Offset(Bytes(000000000000000009)),2022-08-17T02:00:00Z), context: {participant: "sandbox"}
2022-08-16 21:35:12,713 [daml.index.db.threadpool.connection.indexer-6] INFO  c.d.p.indexer.MeteringAggregator - Aggregating transaction metering completed up to LedgerMeteringEnd(Offset(Bytes(000000000000000009)),2022-08-17T02:00:00Z), context: {participant: "sandbox"}
2022-08-16 22:01:26,140 [daml.index.db.connection.indexer connection adder] INFO  c.d.p.s.b.c.InitHookDataSourceProxy - Init hook execution finished successfully, connection ready, context: {participant: "sandbox"}
2022-08-16 22:01:29,997 [daml.index.db.connection.indexer connection adder] INFO  c.d.p.s.b.c.InitHookDataSourceProxy - Init hook execution finished successfully, connection ready, context: {participant: "sandbox"}
2022-08-16 22:01:33,790 [daml.index.db.connection.indexer connection adder] INFO  c.d.p.s.b.c.InitHookDataSourceProxy - Init hook execution finished successfully, connection ready, context: {participant: "sandbox"}
2022-08-16 22:01:33,822 [daml.index.db.connection.indexer connection adder] INFO  c.d.p.s.b.c.InitHookDataSourceProxy - Init hook execution finished successfully, connection ready, context: {participant: "sandbox"}
2022-08-16 22:01:41,124 [daml.index.db.connection.indexer connection adder] INFO  c.d.p.s.b.c.InitHookDataSourceProxy - Init hook execution finished successfully, connection ready, context: {participant: "sandbox"}
2022-08-16 22:01:41,963 [daml.index.db.connection.indexer connection adder] INFO  c.d.p.s.b.c.InitHookDataSourceProxy - Init hook execution finished successfully, connection ready, context: {participant: "sandbox"}
2022-08-16 22:01:42,138 [daml.index.db.connection.indexer connection adder] INFO  c.d.p.s.b.c.InitHookDataSourceProxy - Init hook execution finished successfully, connection ready, context: {participant: "sandbox"}
2022-08-16 22:01:42,202 [daml.index.db.connection.indexer connection adder] INFO  c.d.p.s.b.c.InitHookDataSourceProxy - Init hook execution finished successfully, connection ready, context: {participant: "sandbox"}
2022-08-16 22:01:43,532 [daml.index.db.connection.indexer connection adder] INFO  c.d.p.s.b.c.InitHookDataSourceProxy - Init hook execution finished successfully, connection ready, context: {participant: "sandbox"}
2022-08-16 22:01:48,034 [daml.index.db.connection.indexer connection adder] INFO  c.d.p.s.b.c.InitHookDataSourceProxy - Init hook execution finished successfully, connection ready, context: {participant: "sandbox"}
2022-08-16 22:01:48,270 [daml.index.db.connection.indexer connection adder] INFO  c.d.p.s.b.c.InitHookDataSourceProxy - Init hook execution finished successfully, connection ready, context: {participant: "sandbox"}
2022-08-16 22:01:50,123 [daml.index.db.connection.indexer connection adder] INFO  c.d.p.s.b.c.InitHookDataSourceProxy - Init hook execution finished successfully, connection ready, context: {participant: "sandbox"}
2022-08-16 22:01:51,343 [daml.index.db.connection.indexer connection adder] INFO  c.d.p.s.b.c.InitHookDataSourceProxy - Init hook execution finished successfully, connection ready, context: {participant: "sandbox"}
2022-08-16 22:01:51,903 [daml.index.db.connection.indexer connection adder] INFO  c.d.p.s.b.c.InitHookDataSourceProxy - Init hook execution finished successfully, connection ready, context: {participant: "sandbox"}
2022-08-16 22:01:58,459 [daml.index.db.connection.indexer connection adder] INFO  c.d.p.s.b.c.InitHookDataSourceProxy - Init hook execution finished successfully, connection ready, context: {participant: "sandbox"}
2022-08-16 22:01:58,550 [daml.index.db.connection.indexer connection adder] INFO  c.d.p.s.b.c.InitHookDataSourceProxy - Init hook execution finished successfully, connection ready, context: {participant: "sandbox"}
2022-08-16 22:02:04,480 [daml.index.db.connection.indexer connection adder] INFO  c.d.p.s.b.c.InitHookDataSourceProxy - Init hook execution finished successfully, connection ready, context: {participant: "sandbox"}
2022-08-16 22:02:37,215 [daml.index.db.threadpool.connection.indexer-4] INFO  c.d.p.indexer.MeteringAggregator - Aggregating transaction metering for LedgerMeteringEnd(Offset(Bytes(000000000000000009)),2022-08-17T03:00:00Z), context: {participant: "sandbox"}
2022-08-16 22:02:37,217 [daml.index.db.threadpool.connection.indexer-4] INFO  c.d.p.indexer.MeteringAggregator - Aggregating transaction metering completed up to LedgerMeteringEnd(Offset(Bytes(000000000000000009)),2022-08-17T03:00:00Z), context: {participant: "sandbox"}
2022-08-16 22:30:53,298 [daml.index.db.connection.indexer connection adder] INFO  c.d.p.s.b.c.InitHookDataSourceProxy - Init hook execution finished successfully, connection ready, context: {participant: "sandbox"}
2022-08-16 22:30:59,706 [daml.index.db.connection.indexer connection adder] INFO  c.d.p.s.b.c.InitHookDataSourceProxy - Init hook execution finished successfully, connection ready, context: {participant: "sandbox"}
2022-08-16 22:31:00,403 [daml.index.db.connection.indexer connection adder] INFO  c.d.p.s.b.c.InitHookDataSourceProxy - Init hook execution finished successfully, connection ready, context: {participant: "sandbox"}
2022-08-16 22:31:03,839 [daml.index.db.connection.indexer connection adder] INFO  c.d.p.s.b.c.InitHookDataSourceProxy - Init hook execution finished successfully, connection ready, context: {participant: "sandbox"}
2022-08-16 22:31:06,774 [daml.index.db.connection.indexer connection adder] INFO  c.d.p.s.b.c.InitHookDataSourceProxy - Init hook execution finished successfully, connection ready, context: {participant: "sandbox"}
2022-08-16 22:31:08,891 [daml.index.db.connection.indexer connection adder] INFO  c.d.p.s.b.c.InitHookDataSourceProxy - Init hook execution finished successfully, connection ready, context: {participant: "sandbox"}
2022-08-16 22:31:08,952 [daml.index.db.connection.indexer connection adder] INFO  c.d.p.s.b.c.InitHookDataSourceProxy - Init hook execution finished successfully, connection ready, context: {participant: "sandbox"}
2022-08-16 22:31:11,489 [daml.index.db.connection.indexer connection adder] INFO  c.d.p.s.b.c.InitHookDataSourceProxy - Init hook execution finished successfully, connection ready, context: {participant: "sandbox"}
2022-08-16 22:31:17,384 [daml.index.db.connection.indexer connection adder] INFO  c.d.p.s.b.c.InitHookDataSourceProxy - Init hook execution finished successfully, connection ready, context: {participant: "sandbox"}
2022-08-16 22:31:20,222 [daml.index.db.connection.indexer connection adder] INFO  c.d.p.s.b.c.InitHookDataSourceProxy - Init hook execution finished successfully, connection ready, context: {participant: "sandbox"}
2022-08-16 22:31:25,055 [daml.index.db.connection.indexer connection adder] INFO  c.d.p.s.b.c.InitHookDataSourceProxy - Init hook execution finished successfully, connection ready, context: {participant: "sandbox"}
2022-08-16 22:31:26,982 [daml.index.db.connection.indexer connection adder] INFO  c.d.p.s.b.c.InitHookDataSourceProxy - Init hook execution finished successfully, connection ready, context: {participant: "sandbox"}
2022-08-16 22:31:29,536 [daml.index.db.connection.indexer connection adder] INFO  c.d.p.s.b.c.InitHookDataSourceProxy - Init hook execution finished successfully, connection ready, context: {participant: "sandbox"}
2022-08-16 22:31:41,370 [daml.index.db.connection.indexer connection adder] INFO  c.d.p.s.b.c.InitHookDataSourceProxy - Init hook execution finished successfully, connection ready, context: {participant: "sandbox"}
2022-08-16 22:31:45,956 [daml.index.db.connection.indexer connection adder] INFO  c.d.p.s.b.c.InitHookDataSourceProxy - Init hook execution finished successfully, connection ready, context: {participant: "sandbox"}
2022-08-16 22:31:47,804 [daml.index.db.connection.indexer connection adder] INFO  c.d.p.s.b.c.InitHookDataSourceProxy - Init hook execution finished successfully, connection ready, context: {participant: "sandbox"}
2022-08-16 22:31:58,574 [daml.index.db.connection.indexer connection adder] INFO  c.d.p.s.b.c.InitHookDataSourceProxy - Init hook execution finished successfully, connection ready, context: {participant: "sandbox"}
2022-08-16 22:31:58,740 [canton-env-execution-context-1973] INFO  c.d.c.s.c.t.GrpcSequencerSubscription:participant=sandbox/domain=local - The sequencer subscription has been terminated by the server.
2022-08-16 22:31:58,746 [canton-env-execution-context-1379] INFO  c.d.c.s.c.t.GrpcSequencerSubscription:domain=local/client=mediator - The sequencer subscription has been terminated by the server.
2022-08-16 22:31:58,751 [canton-env-execution-context-1971] INFO  c.d.c.s.c.t.GrpcSequencerSubscription:domain=local/client=topology-manager - The sequencer subscription has been terminated by the server.
2022-08-16 22:31:58,760 [canton-env-execution-context-1971] INFO  c.d.c.s.c.t.GrpcSubscriptionErrorRetryPolicy:participant=sandbox/domain=local - Trying to reconnect to give the sequencer the opportunity to become available again (after Connection terminated by the server.)
2022-08-16 22:31:58,760 [canton-env-execution-context-1970] INFO  c.d.c.s.c.t.GrpcSubscriptionErrorRetryPolicy:domain=local/client=mediator - Trying to reconnect to give the sequencer the opportunity to become available again (after Connection terminated by the server.)
2022-08-16 22:31:58,760 [canton-env-execution-context-30] INFO  c.d.c.s.c.t.GrpcSubscriptionErrorRetryPolicy:domain=local/client=topology-manager - Trying to reconnect to give the sequencer the opportunity to become available again (after Connection terminated by the server.)
